The system is: Darwin - 17.3.0 - x86_64
Compiling the C compiler identification source file "CMakeCCompilerId.c" succeeded.
Compiler: /Applications/Xcode.app/Contents/Developer/Toolchains/XcodeDefault.xctoolchain/usr/bin/cc 
Build flags: 
Id flags:  

The output was:
0


Compilation of the C compiler identification source "CMakeCCompilerId.c" produced "a.out"

The C compiler identification is AppleClang, found in "/Users/qianyi.lh/Work/Codes/tair-github/cmake-build-debug/CMakeFiles/3.9.4/CompilerIdC/a.out"

Compiling the CXX compiler identification source file "CMakeCXXCompilerId.cpp" succeeded.
Compiler: /Applications/Xcode.app/Contents/Developer/Toolchains/XcodeDefault.xctoolchain/usr/bin/c++ 
Build flags: 
Id flags:  

The output was:
0


Compilation of the CXX compiler identification source "CMakeCXXCompilerId.cpp" produced "a.out"

The CXX compiler identification is AppleClang, found in "/Users/qianyi.lh/Work/Codes/tair-github/cmake-build-debug/CMakeFiles/3.9.4/CompilerIdCXX/a.out"

Determining if the C compiler works passed with the following output:
Change Dir: /Users/qianyi.lh/Work/Codes/tair-github/cmake-build-debug/CMakeFiles/CMakeTmp

Run Build Command:"/usr/local/bin/gmake" "cmTC_872ce/fast"
/usr/local/bin/gmake -f CMakeFiles/cmTC_872ce.dir/build.make CMakeFiles/cmTC_872ce.dir/build
gmake[1]: Entering directory '/Users/qianyi.lh/Work/Codes/tair-github/cmake-build-debug/CMakeFiles/CMakeTmp'
Building C object CMakeFiles/cmTC_872ce.dir/testCCompiler.c.o
/Applications/Xcode.app/Contents/Developer/Toolchains/XcodeDefault.xctoolchain/usr/bin/cc    -o CMakeFiles/cmTC_872ce.dir/testCCompiler.c.o   -c /Users/qianyi.lh/Work/Codes/tair-github/cmake-build-debug/CMakeFiles/CMakeTmp/testCCompiler.c
Linking C executable cmTC_872ce
/Applications/CLion.app/Contents/bin/cmake/bin/cmake -E cmake_link_script CMakeFiles/cmTC_872ce.dir/link.txt --verbose=1
/Applications/Xcode.app/Contents/Developer/Toolchains/XcodeDefault.xctoolchain/usr/bin/cc   -Wl,-search_paths_first -Wl,-headerpad_max_install_names   CMakeFiles/cmTC_872ce.dir/testCCompiler.c.o  -o cmTC_872ce 
gmake[1]: Leaving directory '/Users/qianyi.lh/Work/Codes/tair-github/cmake-build-debug/CMakeFiles/CMakeTmp'


Detecting C compiler ABI info compiled with the following output:
Change Dir: /Users/qianyi.lh/Work/Codes/tair-github/cmake-build-debug/CMakeFiles/CMakeTmp

Run Build Command:"/usr/local/bin/gmake" "cmTC_b31c5/fast"
/usr/local/bin/gmake -f CMakeFiles/cmTC_b31c5.dir/build.make CMakeFiles/cmTC_b31c5.dir/build
gmake[1]: Entering directory '/Users/qianyi.lh/Work/Codes/tair-github/cmake-build-debug/CMakeFiles/CMakeTmp'
Building C object CMakeFiles/cmTC_b31c5.dir/CMakeCCompilerABI.c.o
/Applications/Xcode.app/Contents/Developer/Toolchains/XcodeDefault.xctoolchain/usr/bin/cc    -o CMakeFiles/cmTC_b31c5.dir/CMakeCCompilerABI.c.o   -c /Applications/CLion.app/Contents/bin/cmake/share/cmake-3.9/Modules/CMakeCCompilerABI.c
Linking C executable cmTC_b31c5
/Applications/CLion.app/Contents/bin/cmake/bin/cmake -E cmake_link_script CMakeFiles/cmTC_b31c5.dir/link.txt --verbose=1
/Applications/Xcode.app/Contents/Developer/Toolchains/XcodeDefault.xctoolchain/usr/bin/cc   -Wl,-search_paths_first -Wl,-headerpad_max_install_names  -v -Wl,-v CMakeFiles/cmTC_b31c5.dir/CMakeCCompilerABI.c.o  -o cmTC_b31c5 
Apple LLVM version 9.0.0 (clang-900.0.39.2)
Target: x86_64-apple-darwin17.3.0
Thread model: posix
InstalledDir: /Applications/Xcode.app/Contents/Developer/Toolchains/XcodeDefault.xctoolchain/usr/bin
 "/Applications/Xcode.app/Contents/Developer/Toolchains/XcodeDefault.xctoolchain/usr/bin/ld" -demangle -lto_library /Applications/Xcode.app/Contents/Developer/Toolchains/XcodeDefault.xctoolchain/usr/lib/libLTO.dylib -dynamic -arch x86_64 -macosx_version_min 10.13.0 -o cmTC_b31c5 -search_paths_first -headerpad_max_install_names -v CMakeFiles/cmTC_b31c5.dir/CMakeCCompilerABI.c.o -lSystem /Applications/Xcode.app/Contents/Developer/Toolchains/XcodeDefault.xctoolchain/usr/lib/clang/9.0.0/lib/darwin/libclang_rt.osx.a
@(#)PROGRAM:ld  PROJECT:ld64-305
configured to support archs: armv6 armv7 armv7s arm64 i386 x86_64 x86_64h armv6m armv7k armv7m armv7em (tvOS)
Library search paths:
	/usr/lib
	/usr/local/lib
Framework search paths:
	/Library/Frameworks/
	/System/Library/Frameworks/
gmake[1]: Leaving directory '/Users/qianyi.lh/Work/Codes/tair-github/cmake-build-debug/CMakeFiles/CMakeTmp'


Parsed C implicit link information from above output:
  link line regex: [^( *|.*[/\])(ld|CMAKE_LINK_STARTFILE-NOTFOUND|([^/\]+-)?ld|collect2)[^/\]*( |$)]
  ignore line: [Change Dir: /Users/qianyi.lh/Work/Codes/tair-github/cmake-build-debug/CMakeFiles/CMakeTmp]
  ignore line: []
  ignore line: [Run Build Command:"/usr/local/bin/gmake" "cmTC_b31c5/fast"]
  ignore line: [/usr/local/bin/gmake -f CMakeFiles/cmTC_b31c5.dir/build.make CMakeFiles/cmTC_b31c5.dir/build]
  ignore line: [gmake[1]: Entering directory '/Users/qianyi.lh/Work/Codes/tair-github/cmake-build-debug/CMakeFiles/CMakeTmp']
  ignore line: [Building C object CMakeFiles/cmTC_b31c5.dir/CMakeCCompilerABI.c.o]
  ignore line: [/Applications/Xcode.app/Contents/Developer/Toolchains/XcodeDefault.xctoolchain/usr/bin/cc    -o CMakeFiles/cmTC_b31c5.dir/CMakeCCompilerABI.c.o   -c /Applications/CLion.app/Contents/bin/cmake/share/cmake-3.9/Modules/CMakeCCompilerABI.c]
  ignore line: [Linking C executable cmTC_b31c5]
  ignore line: [/Applications/CLion.app/Contents/bin/cmake/bin/cmake -E cmake_link_script CMakeFiles/cmTC_b31c5.dir/link.txt --verbose=1]
  ignore line: [/Applications/Xcode.app/Contents/Developer/Toolchains/XcodeDefault.xctoolchain/usr/bin/cc   -Wl,-search_paths_first -Wl,-headerpad_max_install_names  -v -Wl,-v CMakeFiles/cmTC_b31c5.dir/CMakeCCompilerABI.c.o  -o cmTC_b31c5 ]
  ignore line: [Apple LLVM version 9.0.0 (clang-900.0.39.2)]
  ignore line: [Target: x86_64-apple-darwin17.3.0]
  ignore line: [Thread model: posix]
  ignore line: [InstalledDir: /Applications/Xcode.app/Contents/Developer/Toolchains/XcodeDefault.xctoolchain/usr/bin]
  link line: [ "/Applications/Xcode.app/Contents/Developer/Toolchains/XcodeDefault.xctoolchain/usr/bin/ld" -demangle -lto_library /Applications/Xcode.app/Contents/Developer/Toolchains/XcodeDefault.xctoolchain/usr/lib/libLTO.dylib -dynamic -arch x86_64 -macosx_version_min 10.13.0 -o cmTC_b31c5 -search_paths_first -headerpad_max_install_names -v CMakeFiles/cmTC_b31c5.dir/CMakeCCompilerABI.c.o -lSystem /Applications/Xcode.app/Contents/Developer/Toolchains/XcodeDefault.xctoolchain/usr/lib/clang/9.0.0/lib/darwin/libclang_rt.osx.a]
    arg [/Applications/Xcode.app/Contents/Developer/Toolchains/XcodeDefault.xctoolchain/usr/bin/ld] ==> ignore
    arg [-demangle] ==> ignore
    arg [-lto_library] ==> ignore, skip following value
    arg [/Applications/Xcode.app/Contents/Developer/Toolchains/XcodeDefault.xctoolchain/usr/lib/libLTO.dylib] ==> skip value of -lto_library
    arg [-dynamic] ==> ignore
    arg [-arch] ==> ignore
    arg [x86_64] ==> ignore
    arg [-macosx_version_min] ==> ignore
    arg [10.13.0] ==> ignore
    arg [-o] ==> ignore
    arg [cmTC_b31c5] ==> ignore
    arg [-search_paths_first] ==> ignore
    arg [-headerpad_max_install_names] ==> ignore
    arg [-v] ==> ignore
    arg [CMakeFiles/cmTC_b31c5.dir/CMakeCCompilerABI.c.o] ==> ignore
    arg [-lSystem] ==> lib [System]
    arg [/Applications/Xcode.app/Contents/Developer/Toolchains/XcodeDefault.xctoolchain/usr/lib/clang/9.0.0/lib/darwin/libclang_rt.osx.a] ==> lib [/Applications/Xcode.app/Contents/Developer/Toolchains/XcodeDefault.xctoolchain/usr/lib/clang/9.0.0/lib/darwin/libclang_rt.osx.a]
  Library search paths: [;/usr/lib;/usr/local/lib]
  Framework search paths: [;/Library/Frameworks/;/System/Library/Frameworks/]
  remove lib [System]
  remove lib [/Applications/Xcode.app/Contents/Developer/Toolchains/XcodeDefault.xctoolchain/usr/lib/clang/9.0.0/lib/darwin/libclang_rt.osx.a]
  collapse library dir [/usr/lib] ==> [/usr/lib]
  collapse library dir [/usr/local/lib] ==> [/usr/local/lib]
  collapse framework dir [/Library/Frameworks/] ==> [/Library/Frameworks]
  collapse framework dir [/System/Library/Frameworks/] ==> [/System/Library/Frameworks]
  implicit libs: []
  implicit dirs: [/usr/lib;/usr/local/lib]
  implicit fwks: [/Library/Frameworks;/System/Library/Frameworks]




Detecting C [-std=c11] compiler features compiled with the following output:
Change Dir: /Users/qianyi.lh/Work/Codes/tair-github/cmake-build-debug/CMakeFiles/CMakeTmp

Run Build Command:"/usr/local/bin/gmake" "cmTC_ee507/fast"
/usr/local/bin/gmake -f CMakeFiles/cmTC_ee507.dir/build.make CMakeFiles/cmTC_ee507.dir/build
gmake[1]: Entering directory '/Users/qianyi.lh/Work/Codes/tair-github/cmake-build-debug/CMakeFiles/CMakeTmp'
Building C object CMakeFiles/cmTC_ee507.dir/feature_tests.c.o
/Applications/Xcode.app/Contents/Developer/Toolchains/XcodeDefault.xctoolchain/usr/bin/cc   -std=c11 -o CMakeFiles/cmTC_ee507.dir/feature_tests.c.o   -c /Users/qianyi.lh/Work/Codes/tair-github/cmake-build-debug/CMakeFiles/feature_tests.c
Linking C executable cmTC_ee507
/Applications/CLion.app/Contents/bin/cmake/bin/cmake -E cmake_link_script CMakeFiles/cmTC_ee507.dir/link.txt --verbose=1
/Applications/Xcode.app/Contents/Developer/Toolchains/XcodeDefault.xctoolchain/usr/bin/cc   -Wl,-search_paths_first -Wl,-headerpad_max_install_names   CMakeFiles/cmTC_ee507.dir/feature_tests.c.o  -o cmTC_ee507 
gmake[1]: Leaving directory '/Users/qianyi.lh/Work/Codes/tair-github/cmake-build-debug/CMakeFiles/CMakeTmp'


    Feature record: C_FEATURE:1c_function_prototypes
    Feature record: C_FEATURE:1c_restrict
    Feature record: C_FEATURE:1c_static_assert
    Feature record: C_FEATURE:1c_variadic_macros


Detecting C [-std=c99] compiler features compiled with the following output:
Change Dir: /Users/qianyi.lh/Work/Codes/tair-github/cmake-build-debug/CMakeFiles/CMakeTmp

Run Build Command:"/usr/local/bin/gmake" "cmTC_6516f/fast"
/usr/local/bin/gmake -f CMakeFiles/cmTC_6516f.dir/build.make CMakeFiles/cmTC_6516f.dir/build
gmake[1]: Entering directory '/Users/qianyi.lh/Work/Codes/tair-github/cmake-build-debug/CMakeFiles/CMakeTmp'
Building C object CMakeFiles/cmTC_6516f.dir/feature_tests.c.o
/Applications/Xcode.app/Contents/Developer/Toolchains/XcodeDefault.xctoolchain/usr/bin/cc   -std=c99 -o CMakeFiles/cmTC_6516f.dir/feature_tests.c.o   -c /Users/qianyi.lh/Work/Codes/tair-github/cmake-build-debug/CMakeFiles/feature_tests.c
Linking C executable cmTC_6516f
/Applications/CLion.app/Contents/bin/cmake/bin/cmake -E cmake_link_script CMakeFiles/cmTC_6516f.dir/link.txt --verbose=1
/Applications/Xcode.app/Contents/Developer/Toolchains/XcodeDefault.xctoolchain/usr/bin/cc   -Wl,-search_paths_first -Wl,-headerpad_max_install_names   CMakeFiles/cmTC_6516f.dir/feature_tests.c.o  -o cmTC_6516f 
gmake[1]: Leaving directory '/Users/qianyi.lh/Work/Codes/tair-github/cmake-build-debug/CMakeFiles/CMakeTmp'


    Feature record: C_FEATURE:1c_function_prototypes
    Feature record: C_FEATURE:1c_restrict
    Feature record: C_FEATURE:0c_static_assert
    Feature record: C_FEATURE:1c_variadic_macros


Detecting C [-std=c90] compiler features compiled with the following output:
Change Dir: /Users/qianyi.lh/Work/Codes/tair-github/cmake-build-debug/CMakeFiles/CMakeTmp

Run Build Command:"/usr/local/bin/gmake" "cmTC_e41dc/fast"
/usr/local/bin/gmake -f CMakeFiles/cmTC_e41dc.dir/build.make CMakeFiles/cmTC_e41dc.dir/build
gmake[1]: Entering directory '/Users/qianyi.lh/Work/Codes/tair-github/cmake-build-debug/CMakeFiles/CMakeTmp'
Building C object CMakeFiles/cmTC_e41dc.dir/feature_tests.c.o
/Applications/Xcode.app/Contents/Developer/Toolchains/XcodeDefault.xctoolchain/usr/bin/cc   -std=c90 -o CMakeFiles/cmTC_e41dc.dir/feature_tests.c.o   -c /Users/qianyi.lh/Work/Codes/tair-github/cmake-build-debug/CMakeFiles/feature_tests.c
Linking C executable cmTC_e41dc
/Applications/CLion.app/Contents/bin/cmake/bin/cmake -E cmake_link_script CMakeFiles/cmTC_e41dc.dir/link.txt --verbose=1
/Applications/Xcode.app/Contents/Developer/Toolchains/XcodeDefault.xctoolchain/usr/bin/cc   -Wl,-search_paths_first -Wl,-headerpad_max_install_names   CMakeFiles/cmTC_e41dc.dir/feature_tests.c.o  -o cmTC_e41dc 
gmake[1]: Leaving directory '/Users/qianyi.lh/Work/Codes/tair-github/cmake-build-debug/CMakeFiles/CMakeTmp'


    Feature record: C_FEATURE:1c_function_prototypes
    Feature record: C_FEATURE:0c_restrict
    Feature record: C_FEATURE:0c_static_assert
    Feature record: C_FEATURE:0c_variadic_macros
Determining if the CXX compiler works passed with the following output:
Change Dir: /Users/qianyi.lh/Work/Codes/tair-github/cmake-build-debug/CMakeFiles/CMakeTmp

Run Build Command:"/usr/local/bin/gmake" "cmTC_02213/fast"
/usr/local/bin/gmake -f CMakeFiles/cmTC_02213.dir/build.make CMakeFiles/cmTC_02213.dir/build
gmake[1]: Entering directory '/Users/qianyi.lh/Work/Codes/tair-github/cmake-build-debug/CMakeFiles/CMakeTmp'
Building CXX object CMakeFiles/cmTC_02213.dir/testCXXCompiler.cxx.o
/Applications/Xcode.app/Contents/Developer/Toolchains/XcodeDefault.xctoolchain/usr/bin/c++     -o CMakeFiles/cmTC_02213.dir/testCXXCompiler.cxx.o -c /Users/qianyi.lh/Work/Codes/tair-github/cmake-build-debug/CMakeFiles/CMakeTmp/testCXXCompiler.cxx
Linking CXX executable cmTC_02213
/Applications/CLion.app/Contents/bin/cmake/bin/cmake -E cmake_link_script CMakeFiles/cmTC_02213.dir/link.txt --verbose=1
/Applications/Xcode.app/Contents/Developer/Toolchains/XcodeDefault.xctoolchain/usr/bin/c++    -Wl,-search_paths_first -Wl,-headerpad_max_install_names   CMakeFiles/cmTC_02213.dir/testCXXCompiler.cxx.o  -o cmTC_02213 
gmake[1]: Leaving directory '/Users/qianyi.lh/Work/Codes/tair-github/cmake-build-debug/CMakeFiles/CMakeTmp'


Detecting CXX compiler ABI info compiled with the following output:
Change Dir: /Users/qianyi.lh/Work/Codes/tair-github/cmake-build-debug/CMakeFiles/CMakeTmp

Run Build Command:"/usr/local/bin/gmake" "cmTC_483f4/fast"
/usr/local/bin/gmake -f CMakeFiles/cmTC_483f4.dir/build.make CMakeFiles/cmTC_483f4.dir/build
gmake[1]: Entering directory '/Users/qianyi.lh/Work/Codes/tair-github/cmake-build-debug/CMakeFiles/CMakeTmp'
Building CXX object CMakeFiles/cmTC_483f4.dir/CMakeCXXCompilerABI.cpp.o
/Applications/Xcode.app/Contents/Developer/Toolchains/XcodeDefault.xctoolchain/usr/bin/c++     -o CMakeFiles/cmTC_483f4.dir/CMakeCXXCompilerABI.cpp.o -c /Applications/CLion.app/Contents/bin/cmake/share/cmake-3.9/Modules/CMakeCXXCompilerABI.cpp
Linking CXX executable cmTC_483f4
/Applications/CLion.app/Contents/bin/cmake/bin/cmake -E cmake_link_script CMakeFiles/cmTC_483f4.dir/link.txt --verbose=1
/Applications/Xcode.app/Contents/Developer/Toolchains/XcodeDefault.xctoolchain/usr/bin/c++    -Wl,-search_paths_first -Wl,-headerpad_max_install_names  -v -Wl,-v CMakeFiles/cmTC_483f4.dir/CMakeCXXCompilerABI.cpp.o  -o cmTC_483f4 
Apple LLVM version 9.0.0 (clang-900.0.39.2)
Target: x86_64-apple-darwin17.3.0
Thread model: posix
InstalledDir: /Applications/Xcode.app/Contents/Developer/Toolchains/XcodeDefault.xctoolchain/usr/bin
 "/Applications/Xcode.app/Contents/Developer/Toolchains/XcodeDefault.xctoolchain/usr/bin/ld" -demangle -lto_library /Applications/Xcode.app/Contents/Developer/Toolchains/XcodeDefault.xctoolchain/usr/lib/libLTO.dylib -dynamic -arch x86_64 -macosx_version_min 10.13.0 -o cmTC_483f4 -search_paths_first -headerpad_max_install_names -v CMakeFiles/cmTC_483f4.dir/CMakeCXXCompilerABI.cpp.o -lc++ -lSystem /Applications/Xcode.app/Contents/Developer/Toolchains/XcodeDefault.xctoolchain/usr/lib/clang/9.0.0/lib/darwin/libclang_rt.osx.a
@(#)PROGRAM:ld  PROJECT:ld64-305
configured to support archs: armv6 armv7 armv7s arm64 i386 x86_64 x86_64h armv6m armv7k armv7m armv7em (tvOS)
Library search paths:
	/usr/lib
	/usr/local/lib
Framework search paths:
	/Library/Frameworks/
	/System/Library/Frameworks/
gmake[1]: Leaving directory '/Users/qianyi.lh/Work/Codes/tair-github/cmake-build-debug/CMakeFiles/CMakeTmp'


Parsed CXX implicit link information from above output:
  link line regex: [^( *|.*[/\])(ld|CMAKE_LINK_STARTFILE-NOTFOUND|([^/\]+-)?ld|collect2)[^/\]*( |$)]
  ignore line: [Change Dir: /Users/qianyi.lh/Work/Codes/tair-github/cmake-build-debug/CMakeFiles/CMakeTmp]
  ignore line: []
  ignore line: [Run Build Command:"/usr/local/bin/gmake" "cmTC_483f4/fast"]
  ignore line: [/usr/local/bin/gmake -f CMakeFiles/cmTC_483f4.dir/build.make CMakeFiles/cmTC_483f4.dir/build]
  ignore line: [gmake[1]: Entering directory '/Users/qianyi.lh/Work/Codes/tair-github/cmake-build-debug/CMakeFiles/CMakeTmp']
  ignore line: [Building CXX object CMakeFiles/cmTC_483f4.dir/CMakeCXXCompilerABI.cpp.o]
  ignore line: [/Applications/Xcode.app/Contents/Developer/Toolchains/XcodeDefault.xctoolchain/usr/bin/c++     -o CMakeFiles/cmTC_483f4.dir/CMakeCXXCompilerABI.cpp.o -c /Applications/CLion.app/Contents/bin/cmake/share/cmake-3.9/Modules/CMakeCXXCompilerABI.cpp]
  ignore line: [Linking CXX executable cmTC_483f4]
  ignore line: [/Applications/CLion.app/Contents/bin/cmake/bin/cmake -E cmake_link_script CMakeFiles/cmTC_483f4.dir/link.txt --verbose=1]
  ignore line: [/Applications/Xcode.app/Contents/Developer/Toolchains/XcodeDefault.xctoolchain/usr/bin/c++    -Wl,-search_paths_first -Wl,-headerpad_max_install_names  -v -Wl,-v CMakeFiles/cmTC_483f4.dir/CMakeCXXCompilerABI.cpp.o  -o cmTC_483f4 ]
  ignore line: [Apple LLVM version 9.0.0 (clang-900.0.39.2)]
  ignore line: [Target: x86_64-apple-darwin17.3.0]
  ignore line: [Thread model: posix]
  ignore line: [InstalledDir: /Applications/Xcode.app/Contents/Developer/Toolchains/XcodeDefault.xctoolchain/usr/bin]
  link line: [ "/Applications/Xcode.app/Contents/Developer/Toolchains/XcodeDefault.xctoolchain/usr/bin/ld" -demangle -lto_library /Applications/Xcode.app/Contents/Developer/Toolchains/XcodeDefault.xctoolchain/usr/lib/libLTO.dylib -dynamic -arch x86_64 -macosx_version_min 10.13.0 -o cmTC_483f4 -search_paths_first -headerpad_max_install_names -v CMakeFiles/cmTC_483f4.dir/CMakeCXXCompilerABI.cpp.o -lc++ -lSystem /Applications/Xcode.app/Contents/Developer/Toolchains/XcodeDefault.xctoolchain/usr/lib/clang/9.0.0/lib/darwin/libclang_rt.osx.a]
    arg [/Applications/Xcode.app/Contents/Developer/Toolchains/XcodeDefault.xctoolchain/usr/bin/ld] ==> ignore
    arg [-demangle] ==> ignore
    arg [-lto_library] ==> ignore, skip following value
    arg [/Applications/Xcode.app/Contents/Developer/Toolchains/XcodeDefault.xctoolchain/usr/lib/libLTO.dylib] ==> skip value of -lto_library
    arg [-dynamic] ==> ignore
    arg [-arch] ==> ignore
    arg [x86_64] ==> ignore
    arg [-macosx_version_min] ==> ignore
    arg [10.13.0] ==> ignore
    arg [-o] ==> ignore
    arg [cmTC_483f4] ==> ignore
    arg [-search_paths_first] ==> ignore
    arg [-headerpad_max_install_names] ==> ignore
    arg [-v] ==> ignore
    arg [CMakeFiles/cmTC_483f4.dir/CMakeCXXCompilerABI.cpp.o] ==> ignore
    arg [-lc++] ==> lib [c++]
    arg [-lSystem] ==> lib [System]
    arg [/Applications/Xcode.app/Contents/Developer/Toolchains/XcodeDefault.xctoolchain/usr/lib/clang/9.0.0/lib/darwin/libclang_rt.osx.a] ==> lib [/Applications/Xcode.app/Contents/Developer/Toolchains/XcodeDefault.xctoolchain/usr/lib/clang/9.0.0/lib/darwin/libclang_rt.osx.a]
  Library search paths: [;/usr/lib;/usr/local/lib]
  Framework search paths: [;/Library/Frameworks/;/System/Library/Frameworks/]
  remove lib [System]
  remove lib [/Applications/Xcode.app/Contents/Developer/Toolchains/XcodeDefault.xctoolchain/usr/lib/clang/9.0.0/lib/darwin/libclang_rt.osx.a]
  collapse library dir [/usr/lib] ==> [/usr/lib]
  collapse library dir [/usr/local/lib] ==> [/usr/local/lib]
  collapse framework dir [/Library/Frameworks/] ==> [/Library/Frameworks]
  collapse framework dir [/System/Library/Frameworks/] ==> [/System/Library/Frameworks]
  implicit libs: [c++]
  implicit dirs: [/usr/lib;/usr/local/lib]
  implicit fwks: [/Library/Frameworks;/System/Library/Frameworks]




Detecting CXX [-std=c++1z] compiler features compiled with the following output:
Change Dir: /Users/qianyi.lh/Work/Codes/tair-github/cmake-build-debug/CMakeFiles/CMakeTmp

Run Build Command:"/usr/local/bin/gmake" "cmTC_e1b81/fast"
/usr/local/bin/gmake -f CMakeFiles/cmTC_e1b81.dir/build.make CMakeFiles/cmTC_e1b81.dir/build
gmake[1]: Entering directory '/Users/qianyi.lh/Work/Codes/tair-github/cmake-build-debug/CMakeFiles/CMakeTmp'
Building CXX object CMakeFiles/cmTC_e1b81.dir/feature_tests.cxx.o
/Applications/Xcode.app/Contents/Developer/Toolchains/XcodeDefault.xctoolchain/usr/bin/c++    -std=c++1z -o CMakeFiles/cmTC_e1b81.dir/feature_tests.cxx.o -c /Users/qianyi.lh/Work/Codes/tair-github/cmake-build-debug/CMakeFiles/feature_tests.cxx
Linking CXX executable cmTC_e1b81
/Applications/CLion.app/Contents/bin/cmake/bin/cmake -E cmake_link_script CMakeFiles/cmTC_e1b81.dir/link.txt --verbose=1
/Applications/Xcode.app/Contents/Developer/Toolchains/XcodeDefault.xctoolchain/usr/bin/c++    -Wl,-search_paths_first -Wl,-headerpad_max_install_names   CMakeFiles/cmTC_e1b81.dir/feature_tests.cxx.o  -o cmTC_e1b81 
gmake[1]: Leaving directory '/Users/qianyi.lh/Work/Codes/tair-github/cmake-build-debug/CMakeFiles/CMakeTmp'


    Feature record: CXX_FEATURE:1cxx_aggregate_default_initializers
    Feature record: CXX_FEATURE:1cxx_alias_templates
    Feature record: CXX_FEATURE:1cxx_alignas
    Feature record: CXX_FEATURE:1cxx_alignof
    Feature record: CXX_FEATURE:1cxx_attributes
    Feature record: CXX_FEATURE:1cxx_attribute_deprecated
    Feature record: CXX_FEATURE:1cxx_auto_type
    Feature record: CXX_FEATURE:1cxx_binary_literals
    Feature record: CXX_FEATURE:1cxx_constexpr
    Feature record: CXX_FEATURE:1cxx_contextual_conversions
    Feature record: CXX_FEATURE:1cxx_decltype
    Feature record: CXX_FEATURE:1cxx_decltype_auto
    Feature record: CXX_FEATURE:1cxx_decltype_incomplete_return_types
    Feature record: CXX_FEATURE:1cxx_default_function_template_args
    Feature record: CXX_FEATURE:1cxx_defaulted_functions
    Feature record: CXX_FEATURE:1cxx_defaulted_move_initializers
    Feature record: CXX_FEATURE:1cxx_delegating_constructors
    Feature record: CXX_FEATURE:1cxx_deleted_functions
    Feature record: CXX_FEATURE:1cxx_digit_separators
    Feature record: CXX_FEATURE:1cxx_enum_forward_declarations
    Feature record: CXX_FEATURE:1cxx_explicit_conversions
    Feature record: CXX_FEATURE:1cxx_extended_friend_declarations
    Feature record: CXX_FEATURE:1cxx_extern_templates
    Feature record: CXX_FEATURE:1cxx_final
    Feature record: CXX_FEATURE:1cxx_func_identifier
    Feature record: CXX_FEATURE:1cxx_generalized_initializers
    Feature record: CXX_FEATURE:1cxx_generic_lambdas
    Feature record: CXX_FEATURE:1cxx_inheriting_constructors
    Feature record: CXX_FEATURE:1cxx_inline_namespaces
    Feature record: CXX_FEATURE:1cxx_lambdas
    Feature record: CXX_FEATURE:1cxx_lambda_init_captures
    Feature record: CXX_FEATURE:1cxx_local_type_template_args
    Feature record: CXX_FEATURE:1cxx_long_long_type
    Feature record: CXX_FEATURE:1cxx_noexcept
    Feature record: CXX_FEATURE:1cxx_nonstatic_member_init
    Feature record: CXX_FEATURE:1cxx_nullptr
    Feature record: CXX_FEATURE:1cxx_override
    Feature record: CXX_FEATURE:1cxx_range_for
    Feature record: CXX_FEATURE:1cxx_raw_string_literals
    Feature record: CXX_FEATURE:1cxx_reference_qualified_functions
    Feature record: CXX_FEATURE:1cxx_relaxed_constexpr
    Feature record: CXX_FEATURE:1cxx_return_type_deduction
    Feature record: CXX_FEATURE:1cxx_right_angle_brackets
    Feature record: CXX_FEATURE:1cxx_rvalue_references
    Feature record: CXX_FEATURE:1cxx_sizeof_member
    Feature record: CXX_FEATURE:1cxx_static_assert
    Feature record: CXX_FEATURE:1cxx_strong_enums
    Feature record: CXX_FEATURE:1cxx_template_template_parameters
    Feature record: CXX_FEATURE:1cxx_thread_local
    Feature record: CXX_FEATURE:1cxx_trailing_return_types
    Feature record: CXX_FEATURE:1cxx_unicode_literals
    Feature record: CXX_FEATURE:1cxx_uniform_initialization
    Feature record: CXX_FEATURE:1cxx_unrestricted_unions
    Feature record: CXX_FEATURE:1cxx_user_literals
    Feature record: CXX_FEATURE:1cxx_variable_templates
    Feature record: CXX_FEATURE:1cxx_variadic_macros
    Feature record: CXX_FEATURE:1cxx_variadic_templates


Detecting CXX [-std=c++14] compiler features compiled with the following output:
Change Dir: /Users/qianyi.lh/Work/Codes/tair-github/cmake-build-debug/CMakeFiles/CMakeTmp

Run Build Command:"/usr/local/bin/gmake" "cmTC_74f7e/fast"
/usr/local/bin/gmake -f CMakeFiles/cmTC_74f7e.dir/build.make CMakeFiles/cmTC_74f7e.dir/build
gmake[1]: Entering directory '/Users/qianyi.lh/Work/Codes/tair-github/cmake-build-debug/CMakeFiles/CMakeTmp'
Building CXX object CMakeFiles/cmTC_74f7e.dir/feature_tests.cxx.o
/Applications/Xcode.app/Contents/Developer/Toolchains/XcodeDefault.xctoolchain/usr/bin/c++    -std=c++14 -o CMakeFiles/cmTC_74f7e.dir/feature_tests.cxx.o -c /Users/qianyi.lh/Work/Codes/tair-github/cmake-build-debug/CMakeFiles/feature_tests.cxx
Linking CXX executable cmTC_74f7e
/Applications/CLion.app/Contents/bin/cmake/bin/cmake -E cmake_link_script CMakeFiles/cmTC_74f7e.dir/link.txt --verbose=1
/Applications/Xcode.app/Contents/Developer/Toolchains/XcodeDefault.xctoolchain/usr/bin/c++    -Wl,-search_paths_first -Wl,-headerpad_max_install_names   CMakeFiles/cmTC_74f7e.dir/feature_tests.cxx.o  -o cmTC_74f7e 
gmake[1]: Leaving directory '/Users/qianyi.lh/Work/Codes/tair-github/cmake-build-debug/CMakeFiles/CMakeTmp'


    Feature record: CXX_FEATURE:1cxx_aggregate_default_initializers
    Feature record: CXX_FEATURE:1cxx_alias_templates
    Feature record: CXX_FEATURE:1cxx_alignas
    Feature record: CXX_FEATURE:1cxx_alignof
    Feature record: CXX_FEATURE:1cxx_attributes
    Feature record: CXX_FEATURE:1cxx_attribute_deprecated
    Feature record: CXX_FEATURE:1cxx_auto_type
    Feature record: CXX_FEATURE:1cxx_binary_literals
    Feature record: CXX_FEATURE:1cxx_constexpr
    Feature record: CXX_FEATURE:1cxx_contextual_conversions
    Feature record: CXX_FEATURE:1cxx_decltype
    Feature record: CXX_FEATURE:1cxx_decltype_auto
    Feature record: CXX_FEATURE:1cxx_decltype_incomplete_return_types
    Feature record: CXX_FEATURE:1cxx_default_function_template_args
    Feature record: CXX_FEATURE:1cxx_defaulted_functions
    Feature record: CXX_FEATURE:1cxx_defaulted_move_initializers
    Feature record: CXX_FEATURE:1cxx_delegating_constructors
    Feature record: CXX_FEATURE:1cxx_deleted_functions
    Feature record: CXX_FEATURE:1cxx_digit_separators
    Feature record: CXX_FEATURE:1cxx_enum_forward_declarations
    Feature record: CXX_FEATURE:1cxx_explicit_conversions
    Feature record: CXX_FEATURE:1cxx_extended_friend_declarations
    Feature record: CXX_FEATURE:1cxx_extern_templates
    Feature record: CXX_FEATURE:1cxx_final
    Feature record: CXX_FEATURE:1cxx_func_identifier
    Feature record: CXX_FEATURE:1cxx_generalized_initializers
    Feature record: CXX_FEATURE:1cxx_generic_lambdas
    Feature record: CXX_FEATURE:1cxx_inheriting_constructors
    Feature record: CXX_FEATURE:1cxx_inline_namespaces
    Feature record: CXX_FEATURE:1cxx_lambdas
    Feature record: CXX_FEATURE:1cxx_lambda_init_captures
    Feature record: CXX_FEATURE:1cxx_local_type_template_args
    Feature record: CXX_FEATURE:1cxx_long_long_type
    Feature record: CXX_FEATURE:1cxx_noexcept
    Feature record: CXX_FEATURE:1cxx_nonstatic_member_init
    Feature record: CXX_FEATURE:1cxx_nullptr
    Feature record: CXX_FEATURE:1cxx_override
    Feature record: CXX_FEATURE:1cxx_range_for
    Feature record: CXX_FEATURE:1cxx_raw_string_literals
    Feature record: CXX_FEATURE:1cxx_reference_qualified_functions
    Feature record: CXX_FEATURE:1cxx_relaxed_constexpr
    Feature record: CXX_FEATURE:1cxx_return_type_deduction
    Feature record: CXX_FEATURE:1cxx_right_angle_brackets
    Feature record: CXX_FEATURE:1cxx_rvalue_references
    Feature record: CXX_FEATURE:1cxx_sizeof_member
    Feature record: CXX_FEATURE:1cxx_static_assert
    Feature record: CXX_FEATURE:1cxx_strong_enums
    Feature record: CXX_FEATURE:1cxx_template_template_parameters
    Feature record: CXX_FEATURE:1cxx_thread_local
    Feature record: CXX_FEATURE:1cxx_trailing_return_types
    Feature record: CXX_FEATURE:1cxx_unicode_literals
    Feature record: CXX_FEATURE:1cxx_uniform_initialization
    Feature record: CXX_FEATURE:1cxx_unrestricted_unions
    Feature record: CXX_FEATURE:1cxx_user_literals
    Feature record: CXX_FEATURE:1cxx_variable_templates
    Feature record: CXX_FEATURE:1cxx_variadic_macros
    Feature record: CXX_FEATURE:1cxx_variadic_templates


Detecting CXX [-std=c++11] compiler features compiled with the following output:
Change Dir: /Users/qianyi.lh/Work/Codes/tair-github/cmake-build-debug/CMakeFiles/CMakeTmp

Run Build Command:"/usr/local/bin/gmake" "cmTC_dcc87/fast"
/usr/local/bin/gmake -f CMakeFiles/cmTC_dcc87.dir/build.make CMakeFiles/cmTC_dcc87.dir/build
gmake[1]: Entering directory '/Users/qianyi.lh/Work/Codes/tair-github/cmake-build-debug/CMakeFiles/CMakeTmp'
Building CXX object CMakeFiles/cmTC_dcc87.dir/feature_tests.cxx.o
/Applications/Xcode.app/Contents/Developer/Toolchains/XcodeDefault.xctoolchain/usr/bin/c++    -std=c++11 -o CMakeFiles/cmTC_dcc87.dir/feature_tests.cxx.o -c /Users/qianyi.lh/Work/Codes/tair-github/cmake-build-debug/CMakeFiles/feature_tests.cxx
Linking CXX executable cmTC_dcc87
/Applications/CLion.app/Contents/bin/cmake/bin/cmake -E cmake_link_script CMakeFiles/cmTC_dcc87.dir/link.txt --verbose=1
/Applications/Xcode.app/Contents/Developer/Toolchains/XcodeDefault.xctoolchain/usr/bin/c++    -Wl,-search_paths_first -Wl,-headerpad_max_install_names   CMakeFiles/cmTC_dcc87.dir/feature_tests.cxx.o  -o cmTC_dcc87 
gmake[1]: Leaving directory '/Users/qianyi.lh/Work/Codes/tair-github/cmake-build-debug/CMakeFiles/CMakeTmp'


    Feature record: CXX_FEATURE:0cxx_aggregate_default_initializers
    Feature record: CXX_FEATURE:1cxx_alias_templates
    Feature record: CXX_FEATURE:1cxx_alignas
    Feature record: CXX_FEATURE:1cxx_alignof
    Feature record: CXX_FEATURE:1cxx_attributes
    Feature record: CXX_FEATURE:0cxx_attribute_deprecated
    Feature record: CXX_FEATURE:1cxx_auto_type
    Feature record: CXX_FEATURE:0cxx_binary_literals
    Feature record: CXX_FEATURE:1cxx_constexpr
    Feature record: CXX_FEATURE:0cxx_contextual_conversions
    Feature record: CXX_FEATURE:1cxx_decltype
    Feature record: CXX_FEATURE:0cxx_decltype_auto
    Feature record: CXX_FEATURE:1cxx_decltype_incomplete_return_types
    Feature record: CXX_FEATURE:1cxx_default_function_template_args
    Feature record: CXX_FEATURE:1cxx_defaulted_functions
    Feature record: CXX_FEATURE:1cxx_defaulted_move_initializers
    Feature record: CXX_FEATURE:1cxx_delegating_constructors
    Feature record: CXX_FEATURE:1cxx_deleted_functions
    Feature record: CXX_FEATURE:0cxx_digit_separators
    Feature record: CXX_FEATURE:1cxx_enum_forward_declarations
    Feature record: CXX_FEATURE:1cxx_explicit_conversions
    Feature record: CXX_FEATURE:1cxx_extended_friend_declarations
    Feature record: CXX_FEATURE:1cxx_extern_templates
    Feature record: CXX_FEATURE:1cxx_final
    Feature record: CXX_FEATURE:1cxx_func_identifier
    Feature record: CXX_FEATURE:1cxx_generalized_initializers
    Feature record: CXX_FEATURE:0cxx_generic_lambdas
    Feature record: CXX_FEATURE:1cxx_inheriting_constructors
    Feature record: CXX_FEATURE:1cxx_inline_namespaces
    Feature record: CXX_FEATURE:1cxx_lambdas
    Feature record: CXX_FEATURE:0cxx_lambda_init_captures
    Feature record: CXX_FEATURE:1cxx_local_type_template_args
    Feature record: CXX_FEATURE:1cxx_long_long_type
    Feature record: CXX_FEATURE:1cxx_noexcept
    Feature record: CXX_FEATURE:1cxx_nonstatic_member_init
    Feature record: CXX_FEATURE:1cxx_nullptr
    Feature record: CXX_FEATURE:1cxx_override
    Feature record: CXX_FEATURE:1cxx_range_for
    Feature record: CXX_FEATURE:1cxx_raw_string_literals
    Feature record: CXX_FEATURE:1cxx_reference_qualified_functions
    Feature record: CXX_FEATURE:0cxx_relaxed_constexpr
    Feature record: CXX_FEATURE:0cxx_return_type_deduction
    Feature record: CXX_FEATURE:1cxx_right_angle_brackets
    Feature record: CXX_FEATURE:1cxx_rvalue_references
    Feature record: CXX_FEATURE:1cxx_sizeof_member
    Feature record: CXX_FEATURE:1cxx_static_assert
    Feature record: CXX_FEATURE:1cxx_strong_enums
    Feature record: CXX_FEATURE:1cxx_template_template_parameters
    Feature record: CXX_FEATURE:1cxx_thread_local
    Feature record: CXX_FEATURE:1cxx_trailing_return_types
    Feature record: CXX_FEATURE:1cxx_unicode_literals
    Feature record: CXX_FEATURE:1cxx_uniform_initialization
    Feature record: CXX_FEATURE:1cxx_unrestricted_unions
    Feature record: CXX_FEATURE:1cxx_user_literals
    Feature record: CXX_FEATURE:0cxx_variable_templates
    Feature record: CXX_FEATURE:1cxx_variadic_macros
    Feature record: CXX_FEATURE:1cxx_variadic_templates


Detecting CXX [-std=c++98] compiler features compiled with the following output:
Change Dir: /Users/qianyi.lh/Work/Codes/tair-github/cmake-build-debug/CMakeFiles/CMakeTmp

Run Build Command:"/usr/local/bin/gmake" "cmTC_882d7/fast"
/usr/local/bin/gmake -f CMakeFiles/cmTC_882d7.dir/build.make CMakeFiles/cmTC_882d7.dir/build
gmake[1]: Entering directory '/Users/qianyi.lh/Work/Codes/tair-github/cmake-build-debug/CMakeFiles/CMakeTmp'
Building CXX object CMakeFiles/cmTC_882d7.dir/feature_tests.cxx.o
/Applications/Xcode.app/Contents/Developer/Toolchains/XcodeDefault.xctoolchain/usr/bin/c++    -std=c++98 -o CMakeFiles/cmTC_882d7.dir/feature_tests.cxx.o -c /Users/qianyi.lh/Work/Codes/tair-github/cmake-build-debug/CMakeFiles/feature_tests.cxx
Linking CXX executable cmTC_882d7
/Applications/CLion.app/Contents/bin/cmake/bin/cmake -E cmake_link_script CMakeFiles/cmTC_882d7.dir/link.txt --verbose=1
/Applications/Xcode.app/Contents/Developer/Toolchains/XcodeDefault.xctoolchain/usr/bin/c++    -Wl,-search_paths_first -Wl,-headerpad_max_install_names   CMakeFiles/cmTC_882d7.dir/feature_tests.cxx.o  -o cmTC_882d7 
gmake[1]: Leaving directory '/Users/qianyi.lh/Work/Codes/tair-github/cmake-build-debug/CMakeFiles/CMakeTmp'


    Feature record: CXX_FEATURE:0cxx_aggregate_default_initializers
    Feature record: CXX_FEATURE:0cxx_alias_templates
    Feature record: CXX_FEATURE:0cxx_alignas
    Feature record: CXX_FEATURE:0cxx_alignof
    Feature record: CXX_FEATURE:0cxx_attributes
    Feature record: CXX_FEATURE:0cxx_attribute_deprecated
    Feature record: CXX_FEATURE:0cxx_auto_type
    Feature record: CXX_FEATURE:0cxx_binary_literals
    Feature record: CXX_FEATURE:0cxx_constexpr
    Feature record: CXX_FEATURE:0cxx_contextual_conversions
    Feature record: CXX_FEATURE:0cxx_decltype
    Feature record: CXX_FEATURE:0cxx_decltype_auto
    Feature record: CXX_FEATURE:0cxx_decltype_incomplete_return_types
    Feature record: CXX_FEATURE:0cxx_default_function_template_args
    Feature record: CXX_FEATURE:0cxx_defaulted_functions
    Feature record: CXX_FEATURE:0cxx_defaulted_move_initializers
    Feature record: CXX_FEATURE:0cxx_delegating_constructors
    Feature record: CXX_FEATURE:0cxx_deleted_functions
    Feature record: CXX_FEATURE:0cxx_digit_separators
    Feature record: CXX_FEATURE:0cxx_enum_forward_declarations
    Feature record: CXX_FEATURE:0cxx_explicit_conversions
    Feature record: CXX_FEATURE:0cxx_extended_friend_declarations
    Feature record: CXX_FEATURE:0cxx_extern_templates
    Feature record: CXX_FEATURE:0cxx_final
    Feature record: CXX_FEATURE:0cxx_func_identifier
    Feature record: CXX_FEATURE:0cxx_generalized_initializers
    Feature record: CXX_FEATURE:0cxx_generic_lambdas
    Feature record: CXX_FEATURE:0cxx_inheriting_constructors
    Feature record: CXX_FEATURE:0cxx_inline_namespaces
    Feature record: CXX_FEATURE:0cxx_lambdas
    Feature record: CXX_FEATURE:0cxx_lambda_init_captures
    Feature record: CXX_FEATURE:0cxx_local_type_template_args
    Feature record: CXX_FEATURE:0cxx_long_long_type
    Feature record: CXX_FEATURE:0cxx_noexcept
    Feature record: CXX_FEATURE:0cxx_nonstatic_member_init
    Feature record: CXX_FEATURE:0cxx_nullptr
    Feature record: CXX_FEATURE:0cxx_override
    Feature record: CXX_FEATURE:0cxx_range_for
    Feature record: CXX_FEATURE:0cxx_raw_string_literals
    Feature record: CXX_FEATURE:0cxx_reference_qualified_functions
    Feature record: CXX_FEATURE:0cxx_relaxed_constexpr
    Feature record: CXX_FEATURE:0cxx_return_type_deduction
    Feature record: CXX_FEATURE:0cxx_right_angle_brackets
    Feature record: CXX_FEATURE:0cxx_rvalue_references
    Feature record: CXX_FEATURE:0cxx_sizeof_member
    Feature record: CXX_FEATURE:0cxx_static_assert
    Feature record: CXX_FEATURE:0cxx_strong_enums
    Feature record: CXX_FEATURE:1cxx_template_template_parameters
    Feature record: CXX_FEATURE:0cxx_thread_local
    Feature record: CXX_FEATURE:0cxx_trailing_return_types
    Feature record: CXX_FEATURE:0cxx_unicode_literals
    Feature record: CXX_FEATURE:0cxx_uniform_initialization
    Feature record: CXX_FEATURE:0cxx_unrestricted_unions
    Feature record: CXX_FEATURE:0cxx_user_literals
    Feature record: CXX_FEATURE:0cxx_variable_templates
    Feature record: CXX_FEATURE:0cxx_variadic_macros
    Feature record: CXX_FEATURE:0cxx_variadic_templates
